<?xml version="1.0" encoding="UTF-8"?>
<!-- Generated by org.testng.reporters.JUnitReportReporter -->
<testsuite skipped="0" hostname="MA10LP516486" name="wolters.Controllers.Sample" tests="2" failures="0" timestamp="23 Mar 2018 02:04:58 GMT" time="17.923" errors="0">
  <testcase name="Login" time="11.173" classname="wolters.Controllers.Sample"/>
  <testcase name="submitpreclearReq" time="6.750" classname="wolters.Controllers.Sample"/>
</testsuite> <!-- wolters.Controllers.Sample -->
